2025-10-24 01:36:54,267 - INFO - ✅ 监控系统已启动
2025-10-24 01:36:59,268 - INFO - ⏹️ 监控系统已停止
2025-10-24 01:37:17,017 - INFO - ✅ 监控系统已启动
2025-10-24 01:37:19,824 - WARNING - 🚨 ERROR: 网络连接失败: https://api.okx.com/api/v5/public/time
2025-10-24 01:37:22,018 - INFO - ⏹️ 监控系统已停止
2025-10-24 01:37:34,318 - INFO - ✅ 监控系统已启动
2025-10-24 01:37:39,280 - WARNING - 🚨 ERROR: 网络连接失败: https://api.okx.com/api/v5/public/time
2025-10-24 01:37:39,333 - INFO - ⏹️ 监控系统已停止
2025-10-24 01:38:25,715 - INFO - ✅ 监控系统已启动
2025-10-24 01:38:30,456 - WARNING - 🚨 ERROR: 网络连接失败: https://api.okx.com/api/v5/public/time
2025-10-24 01:38:30,736 - INFO - ⏹️ 监控系统已停止
2025-10-24 01:38:40,578 - INFO - ✅ 监控系统已启动
2025-10-24 01:38:45,607 - INFO - ⏹️ 监控系统已停止
2025-10-24 01:39:34,206 - INFO - ✅ 监控系统已启动
2025-10-24 01:39:38,803 - WARNING - 🚨 ERROR: 网络连接失败: https://api.okx.com/api/v5/public/time
2025-10-24 01:39:39,228 - INFO - ⏹️ 监控系统已停止
2025-10-24 01:40:18,329 - INFO - ✅ 监控系统已启动
2025-10-24 01:40:23,012 - WARNING - 🚨 ERROR: 网络连接失败: https://api.okx.com/api/v5/public/time
2025-10-24 01:40:23,351 - INFO - ⏹️ 监控系统已停止
2025-10-24 01:40:43,052 - INFO - ✅ 监控系统已启动
2025-10-24 01:40:48,081 - INFO - ⏹️ 监控系统已停止
2025-10-24 01:40:58,633 - INFO - ✅ 监控系统已启动
2025-10-24 01:41:03,266 - WARNING - 🚨 ERROR: 网络连接失败: https://api.okx.com/api/v5/public/time
2025-10-24 01:41:03,657 - INFO - ⏹️ 监控系统已停止
2025-10-24 01:41:34,834 - INFO - ✅ 监控系统已启动
2025-10-24 01:41:39,782 - WARNING - 🚨 ERROR: 网络连接失败: https://api.okx.com/api/v5/public/time
2025-10-24 01:41:39,859 - INFO - ⏹️ 监控系统已停止
2025-10-24 01:42:15,730 - INFO - ✅ 监控系统已启动
2025-10-24 01:42:20,369 - WARNING - 🚨 ERROR: 网络连接失败: https://api.okx.com/api/v5/public/time
2025-10-24 01:42:20,834 - INFO - ⏹️ 监控系统已停止
2025-10-24 01:42:39,852 - INFO - ✅ 监控系统已启动
2025-10-24 01:42:44,917 - WARNING - 🚨 ERROR: 网络连接失败: https://api.binance.com/api/v3/ping
2025-10-24 01:42:44,919 - WARNING - 🚨 ERROR: 网络连接失败: https://api.okx.com/api/v5/public/time
2025-10-24 01:42:44,961 - INFO - ⏹️ 监控系统已停止
2025-10-24 01:44:27,323 - INFO - ✅ 监控系统已启动
2025-10-24 01:44:27,335 - ERROR - ❌ 系统健康检查失败: No module named 'psutil'
2025-10-24 01:44:32,428 - WARNING - 🚨 ERROR: 网络连接失败: https://api.binance.com/api/v3/ping
2025-10-24 01:44:32,430 - WARNING - 🚨 ERROR: 网络连接失败: https://api.okx.com/api/v5/public/time
2025-10-24 01:44:32,446 - INFO - ⏹️ 监控系统已停止
2025-10-24 01:45:27,155 - ERROR - ❌ 系统健康检查失败: No module named 'psutil'
2025-10-24 01:45:27,157 - INFO - ✅ 监控系统已启动
2025-10-24 01:45:31,169 - WARNING - 🚨 ERROR: 网络连接失败: https://api.okx.com/api/v5/public/time
2025-10-24 01:45:32,266 - INFO - ⏹️ 监控系统已停止
2025-10-24 01:46:44,708 - INFO - ✅ 监控系统已启动
2025-10-24 01:46:49,815 - INFO - ⏹️ 监控系统已停止
2025-10-24 01:47:14,243 - INFO - ✅ 监控系统已启动
2025-10-24 01:47:19,353 - WARNING - 🚨 ERROR: 网络连接失败: https://api.binance.com/api/v3/ping
2025-10-24 01:47:19,356 - WARNING - 🚨 ERROR: 网络连接失败: https://api.okx.com/api/v5/public/time
2025-10-24 01:47:24,444 - WARNING - 🚨 ERROR: 网络连接失败: https://api.bybit.com/v2/public/time
2025-10-24 01:47:34,187 - INFO - ⏹️ 监控系统已停止
2025-10-24 01:53:17,043 - INFO - ✅ 监控系统已启动
2025-10-24 01:53:22,162 - INFO - ⏹️ 监控系统已停止
2025-10-24 01:53:47,969 - INFO - ✅ 监控系统已启动
2025-10-24 02:22:16,236 - INFO - ✅ 监控系统已启动
2025-10-24 02:22:34,130 - INFO - ⏹️ 监控系统已停止
2025-10-24 02:23:47,796 - INFO - ✅ 监控系统已启动
2025-10-24 02:23:59,089 - INFO - ⏹️ 监控系统已停止
2025-10-24 02:25:28,879 - INFO - ✅ 监控系统已启动
2025-10-24 02:26:56,780 - INFO - ✅ 监控系统已启动
2025-10-24 02:29:24,125 - INFO - ✅ 监控系统已启动
2025-10-24 02:30:11,343 - INFO - ✅ 监控系统已启动
2025-10-24 02:37:04,703 - INFO - ✅ 监控系统已启动
2025-10-24 02:42:39,595 - INFO - ✅ 监控系统已启动
2025-10-24 02:56:47,561 - INFO - ✅ 监控系统已启动
2025-10-24 02:57:48,502 - INFO - ✅ 监控系统已启动
2025-10-24 02:59:36,223 - INFO - ✅ 监控系统已启动
2025-10-24 03:01:42,510 - INFO - ✅ 监控系统已启动
2025-10-24 03:02:29,553 - INFO - ✅ 监控系统已启动
2025-10-24 03:07:37,443 - INFO - ✅ 监控系统已启动
